FILE_TYPE=LIBRARY_PARTS;
PRIMITIVE 'UMSB30M','UMSB30M_SO Transistor Flat Lead';
  PIN
    'OUTPUT_A(+)':
      PIN_NUMBER='(1)';
      NO_LOAD_CHECK=BOTH;
      NO_IO_CHECK=BOTH;
      ALLOW_CONNECT=TRUE;
      PINUSE='UNSPEC';
    'OUTPUT_K(-)':
      PIN_NUMBER='(2)';
      NO_LOAD_CHECK=BOTH;
      NO_IO_CHECK=BOTH;
      ALLOW_CONNECT=TRUE;
      PINUSE='UNSPEC';
    'INPUT_PIN(¬)_1':
      PIN_NUMBER='(3)';
      NO_LOAD_CHECK=BOTH;
      NO_IO_CHECK=BOTH;
      ALLOW_CONNECT=TRUE;
      PINUSE='UNSPEC';
    'INPUT_PIN(¬)_2':
      PIN_NUMBER='(4)';
      NO_LOAD_CHECK=BOTH;
      NO_IO_CHECK=BOTH;
      ALLOW_CONNECT=TRUE;
      PINUSE='UNSPEC';
  END_PIN;
  BODY
    PART_NAME='UMSB30M';
    PHYS_DES_PREFIX='BR';
    NO_LOAD_CHECK='TRUE';
    PIN_COUNT='4';
    BODY_NAME='UMSB30M';
    JEDEC_TYPE='SOTFL510P865X150-4N';
  END_BODY;
END_PRIMITIVE;
END.
