FILE_TYPE=LIBRARY_PARTS;
PRIMITIVE 'STD6N95K5','STD6N95K5_Other';
  PIN
    'G':
      PIN_NUMBER='(1)';
      NO_LOAD_CHECK=BOTH;
      NO_IO_CHECK=BOTH;
      ALLOW_CONNECT=TRUE;
      PINUSE='UNSPEC';
    'D':
      PIN_NUMBER='(2)';
      NO_LOAD_CHECK=BOTH;
      NO_IO_CHECK=BOTH;
      ALLOW_CONNECT=TRUE;
      PINUSE='UNSPEC';
    'S':
      PIN_NUMBER='(3)';
      NO_LOAD_CHECK=BOTH;
      NO_IO_CHECK=BOTH;
      ALLOW_CONNECT=TRUE;
      PINUSE='UNSPEC';
  END_PIN;
  BODY
    PART_NAME='STD6N95K5';
    PHYS_DES_PREFIX='Q';
    NO_LOAD_CHECK='TRUE';
    PIN_COUNT='3';
    BODY_NAME='STD6N95K5';
    JEDEC_TYPE='STD13N60DM2';
  END_BODY;
END_PRIMITIVE;
END.
